Executing extract_flights...
extract_flights completed successfully.
Executing extract_maint...
extract_maint completed successfully.
Executing extract_techlog...
extract_techlog completed successfully.
Executing extract_reporterslookup...
extract_reporterslookup completed successfully.
Executing extract_aircraftlookup...
extract_aircraftlookup completed successfully.
Extraction completed successfully.
Executing extract_flights...
extract_flights completed successfully.
Executing extract_maint...
extract_maint completed successfully.
Executing extract_techlog...
extract_techlog completed successfully.
Executing extract_reporterslookup...
extract_reporterslookup completed successfully.
Executing extract_aircraftlookup...
extract_aircraftlookup completed successfully.
Extraction completed successfully.
Executing extract_flights...
extract_flights completed successfully.
Executing extract_maint...
extract_maint completed successfully.
Executing extract_techlog...
extract_techlog completed successfully.
Executing extract_reporterslookup...
extract_reporterslookup completed successfully.
Executing extract_aircraftlookup...
extract_aircraftlookup completed successfully.
Extraction completed successfully.
Executing extract_flights...
extract_flights completed successfully.
Executing extract_maint...
extract_maint completed successfully.
Executing extract_techlog...
extract_techlog completed successfully.
Executing extract_reporterslookup...
extract_reporterslookup completed successfully.
Executing extract_aircraftlookup...
extract_aircraftlookup completed successfully.
Extraction completed successfully.
Executing extract_flights...
extract_flights completed successfully.
Executing extract_maint...
extract_maint completed successfully.
Executing extract_techlog...
extract_techlog completed successfully.
Executing extract_reporterslookup...
extract_reporterslookup completed successfully.
Executing extract_aircraftlookup...
extract_aircraftlookup completed successfully.
Extraction completed successfully.
Executing extract_flights...
extract_flights completed successfully.
Executing extract_maint...
extract_maint completed successfully.
Executing extract_techlog...
extract_techlog completed successfully.
Executing extract_reporterslookup...
extract_reporterslookup completed successfully.
Executing extract_aircraftlookup...
extract_aircraftlookup completed successfully.
Extraction completed successfully.
Executing extract_flights...
extract_flights completed successfully.
Executing extract_maint...
extract_maint completed successfully.
Executing extract_techlog...
extract_techlog completed successfully.
Executing extract_reporterslookup...
extract_reporterslookup completed successfully.
Executing extract_aircraftlookup...
extract_aircraftlookup completed successfully.
Extraction completed successfully.
Executing extract_flights...
extract_flights completed successfully.
Executing extract_maint...
extract_maint completed successfully.
Executing extract_techlog...
extract_techlog completed successfully.
Executing extract_reporterslookup...
extract_reporterslookup completed successfully.
Executing extract_aircraftlookup...
extract_aircraftlookup completed successfully.
Extraction completed successfully.
Executing extract_flights...
extract_flights completed successfully.
Executing extract_maint...
extract_maint completed successfully.
Executing extract_techlog...
extract_techlog completed successfully.
Executing extract_reporterslookup...
extract_reporterslookup completed successfully.
Executing extract_aircraftlookup...
extract_aircraftlookup completed successfully.
Extraction completed successfully.
Executing extract_flights...
extract_flights completed successfully.
Executing extract_maint...
extract_maint completed successfully.
Executing extract_techlog...
extract_techlog completed successfully.
Executing extract_reporterslookup...
extract_reporterslookup completed successfully.
Executing extract_aircraftlookup...
extract_aircraftlookup completed successfully.
Extraction completed successfully.
Executing extract_flights...
extract_flights completed successfully.
Executing extract_maint...
extract_maint completed successfully.
Executing extract_techlog...
extract_techlog completed successfully.
Executing extract_reporterslookup...
extract_reporterslookup completed successfully.
Executing extract_aircraftlookup...
extract_aircraftlookup completed successfully.
Extraction completed successfully.
Executing extract_flights...
extract_flights completed successfully.
Executing extract_maint...
extract_maint completed successfully.
Executing extract_techlog...
extract_techlog completed successfully.
Executing extract_reporterslookup...
extract_reporterslookup completed successfully.
Executing extract_aircraftlookup...
extract_aircraftlookup completed successfully.
Extraction completed successfully.
